  pcre32_byte_order.c
  pcre32_chartables.c
  pcre32_compile.c
  pcre32_config.c
  pcre32_dfa_exec.c
  pcre32_exec.c
  pcre32_fullinfo.c
  pcre32_get.c
  pcre32_globals.c
  pcre32_jit_compile.c
  pcre32_maketables.c
  pcre32_newline.c
  pcre32_ord2utf32.c
  pcre32_refcount.c
  pcre32_string_utils.c
  pcre32_study.c
  pcre32_tables.c
  pcre32_ucd.c
  pcre32_utf32_utils.c
  pcre32_valid_utf32.c
  코드를 생성하고 있습니다...
  컴파일하고 있습니다...
  pcre32_version.c
  pcre32_xclass.c
  코드를 생성하고 있습니다...
  libpcre32-static.vcxproj -> D:\TTS\source\reference\PCRE\pcre-win-build-master\pcre-win-build-master\build-VS2019\Debug\libpcre32-static.lib
