d:\tts\source\reference\pcre\pcre-win-build-master\pcre-win-build-master\build-vs2019\libpcre32\x64\debug\vc142.pdb
d:\tts\source\reference\pcre\pcre-win-build-master\pcre-win-build-master\build-vs2019\libpcre32\x64\debug\pcre32_valid_utf32.obj
d:\tts\source\reference\pcre\pcre-win-build-master\pcre-win-build-master\build-vs2019\libpcre32\x64\debug\pcre32_utf32_utils.obj
d:\tts\source\reference\pcre\pcre-win-build-master\pcre-win-build-master\build-vs2019\libpcre32\x64\debug\pcre32_ucd.obj
d:\tts\source\reference\pcre\pcre-win-build-master\pcre-win-build-master\build-vs2019\libpcre32\x64\debug\pcre32_tables.obj
d:\tts\source\reference\pcre\pcre-win-build-master\pcre-win-build-master\build-vs2019\libpcre32\x64\debug\pcre32_study.obj
d:\tts\source\reference\pcre\pcre-win-build-master\pcre-win-build-master\build-vs2019\libpcre32\x64\debug\pcre32_string_utils.obj
d:\tts\source\reference\pcre\pcre-win-build-master\pcre-win-build-master\build-vs2019\libpcre32\x64\debug\pcre32_refcount.obj
d:\tts\source\reference\pcre\pcre-win-build-master\pcre-win-build-master\build-vs2019\libpcre32\x64\debug\pcre32_ord2utf32.obj
d:\tts\source\reference\pcre\pcre-win-build-master\pcre-win-build-master\build-vs2019\libpcre32\x64\debug\pcre32_newline.obj
d:\tts\source\reference\pcre\pcre-win-build-master\pcre-win-build-master\build-vs2019\libpcre32\x64\debug\pcre32_maketables.obj
d:\tts\source\reference\pcre\pcre-win-build-master\pcre-win-build-master\build-vs2019\libpcre32\x64\debug\pcre32_jit_compile.obj
d:\tts\source\reference\pcre\pcre-win-build-master\pcre-win-build-master\build-vs2019\libpcre32\x64\debug\pcre32_globals.obj
d:\tts\source\reference\pcre\pcre-win-build-master\pcre-win-build-master\build-vs2019\libpcre32\x64\debug\pcre32_get.obj
d:\tts\source\reference\pcre\pcre-win-build-master\pcre-win-build-master\build-vs2019\libpcre32\x64\debug\pcre32_fullinfo.obj
d:\tts\source\reference\pcre\pcre-win-build-master\pcre-win-build-master\build-vs2019\libpcre32\x64\debug\pcre32_exec.obj
d:\tts\source\reference\pcre\pcre-win-build-master\pcre-win-build-master\build-vs2019\libpcre32\x64\debug\pcre32_dfa_exec.obj
d:\tts\source\reference\pcre\pcre-win-build-master\pcre-win-build-master\build-vs2019\libpcre32\x64\debug\pcre32_config.obj
d:\tts\source\reference\pcre\pcre-win-build-master\pcre-win-build-master\build-vs2019\libpcre32\x64\debug\pcre32_compile.obj
d:\tts\source\reference\pcre\pcre-win-build-master\pcre-win-build-master\build-vs2019\libpcre32\x64\debug\pcre32_chartables.obj
d:\tts\source\reference\pcre\pcre-win-build-master\pcre-win-build-master\build-vs2019\libpcre32\x64\debug\pcre32_byte_order.obj
d:\tts\source\reference\pcre\pcre-win-build-master\pcre-win-build-master\build-vs2019\libpcre32\x64\debug\pcre32_xclass.obj
d:\tts\source\reference\pcre\pcre-win-build-master\pcre-win-build-master\build-vs2019\libpcre32\x64\debug\pcre32_version.obj
d:\tts\source\reference\pcre\pcre-win-build-master\pcre-win-build-master\build-vs2019\x64\debug\libpcre32.lib
d:\tts\source\reference\pcre\pcre-win-build-master\pcre-win-build-master\build-vs2019\x64\debug\libpcre32.exp
d:\tts\source\reference\pcre\pcre-win-build-master\pcre-win-build-master\build-vs2019\x64\debug\libpcre32.ilk
d:\tts\source\reference\pcre\pcre-win-build-master\pcre-win-build-master\build-vs2019\x64\debug\libpcre32.dll
d:\tts\source\reference\pcre\pcre-win-build-master\pcre-win-build-master\build-vs2019\x64\debug\libpcre32.pdb
d:\tts\source\reference\pcre\pcre-win-build-master\pcre-win-build-master\build-vs2019\libpcre32\x64\debug\libpcre32.res
d:\tts\source\reference\pcre\pcre-win-build-master\pcre-win-build-master\build-vs2019\libpcre32\x64\debug\libpcre32.tlog\cl.command.1.tlog
d:\tts\source\reference\pcre\pcre-win-build-master\pcre-win-build-master\build-vs2019\libpcre32\x64\debug\libpcre32.tlog\cl.read.1.tlog
d:\tts\source\reference\pcre\pcre-win-build-master\pcre-win-build-master\build-vs2019\libpcre32\x64\debug\libpcre32.tlog\cl.write.1.tlog
d:\tts\source\reference\pcre\pcre-win-build-master\pcre-win-build-master\build-vs2019\libpcre32\x64\debug\libpcre32.tlog\libpcre32.write.1u.tlog
d:\tts\source\reference\pcre\pcre-win-build-master\pcre-win-build-master\build-vs2019\libpcre32\x64\debug\libpcre32.tlog\link.command.1.tlog
d:\tts\source\reference\pcre\pcre-win-build-master\pcre-win-build-master\build-vs2019\libpcre32\x64\debug\libpcre32.tlog\link.read.1.tlog
d:\tts\source\reference\pcre\pcre-win-build-master\pcre-win-build-master\build-vs2019\libpcre32\x64\debug\libpcre32.tlog\link.write.1.tlog
d:\tts\source\reference\pcre\pcre-win-build-master\pcre-win-build-master\build-vs2019\libpcre32\x64\debug\libpcre32.tlog\rc.command.1.tlog
d:\tts\source\reference\pcre\pcre-win-build-master\pcre-win-build-master\build-vs2019\libpcre32\x64\debug\libpcre32.tlog\rc.read.1.tlog
d:\tts\source\reference\pcre\pcre-win-build-master\pcre-win-build-master\build-vs2019\libpcre32\x64\debug\libpcre32.tlog\rc.write.1.tlog
