d:\tts\source\reference\pcre\pcre-win-build-master\pcre-win-build-master\build-vs2019\libpcrecpp\x64\debug\vc142.pdb
d:\tts\source\reference\pcre\pcre-win-build-master\pcre-win-build-master\build-vs2019\libpcrecpp\x64\debug\pcre_stringpiece.obj
d:\tts\source\reference\pcre\pcre-win-build-master\pcre-win-build-master\build-vs2019\libpcrecpp\x64\debug\pcre_scanner.obj
d:\tts\source\reference\pcre\pcre-win-build-master\pcre-win-build-master\build-vs2019\libpcrecpp\x64\debug\pcrecpp.obj
d:\tts\source\reference\pcre\pcre-win-build-master\pcre-win-build-master\build-vs2019\x64\debug\libpcrecpp.lib
d:\tts\source\reference\pcre\pcre-win-build-master\pcre-win-build-master\build-vs2019\x64\debug\libpcrecpp.exp
d:\tts\source\reference\pcre\pcre-win-build-master\pcre-win-build-master\build-vs2019\x64\debug\libpcrecpp.ilk
d:\tts\source\reference\pcre\pcre-win-build-master\pcre-win-build-master\build-vs2019\x64\debug\libpcrecpp.dll
d:\tts\source\reference\pcre\pcre-win-build-master\pcre-win-build-master\build-vs2019\x64\debug\libpcrecpp.pdb
d:\tts\source\reference\pcre\pcre-win-build-master\pcre-win-build-master\build-vs2019\libpcrecpp\x64\debug\libpcrecpp.res
d:\tts\source\reference\pcre\pcre-win-build-master\pcre-win-build-master\build-vs2019\libpcrecpp\x64\debug\libpcrecpp.tlog\cl.command.1.tlog
d:\tts\source\reference\pcre\pcre-win-build-master\pcre-win-build-master\build-vs2019\libpcrecpp\x64\debug\libpcrecpp.tlog\cl.read.1.tlog
d:\tts\source\reference\pcre\pcre-win-build-master\pcre-win-build-master\build-vs2019\libpcrecpp\x64\debug\libpcrecpp.tlog\cl.write.1.tlog
d:\tts\source\reference\pcre\pcre-win-build-master\pcre-win-build-master\build-vs2019\libpcrecpp\x64\debug\libpcrecpp.tlog\libpcrecpp.write.1u.tlog
d:\tts\source\reference\pcre\pcre-win-build-master\pcre-win-build-master\build-vs2019\libpcrecpp\x64\debug\libpcrecpp.tlog\link.command.1.tlog
d:\tts\source\reference\pcre\pcre-win-build-master\pcre-win-build-master\build-vs2019\libpcrecpp\x64\debug\libpcrecpp.tlog\link.read.1.tlog
d:\tts\source\reference\pcre\pcre-win-build-master\pcre-win-build-master\build-vs2019\libpcrecpp\x64\debug\libpcrecpp.tlog\link.write.1.tlog
d:\tts\source\reference\pcre\pcre-win-build-master\pcre-win-build-master\build-vs2019\libpcrecpp\x64\debug\libpcrecpp.tlog\rc.command.1.tlog
d:\tts\source\reference\pcre\pcre-win-build-master\pcre-win-build-master\build-vs2019\libpcrecpp\x64\debug\libpcrecpp.tlog\rc.read.1.tlog
d:\tts\source\reference\pcre\pcre-win-build-master\pcre-win-build-master\build-vs2019\libpcrecpp\x64\debug\libpcrecpp.tlog\rc.write.1.tlog
