d:\tts\source\reference\pcre\pcre-win-build-master\pcre-win-build-master\build-vs2019\libpcre-static\x64\debug\libpcre-static.pdb
d:\tts\source\reference\pcre\pcre-win-build-master\pcre-win-build-master\build-vs2019\libpcre-static\x64\debug\pcre_xclass.obj
d:\tts\source\reference\pcre\pcre-win-build-master\pcre-win-build-master\build-vs2019\libpcre-static\x64\debug\pcre_version.obj
d:\tts\source\reference\pcre\pcre-win-build-master\pcre-win-build-master\build-vs2019\libpcre-static\x64\debug\pcre_valid_utf8.obj
d:\tts\source\reference\pcre\pcre-win-build-master\pcre-win-build-master\build-vs2019\libpcre-static\x64\debug\pcre_ucd.obj
d:\tts\source\reference\pcre\pcre-win-build-master\pcre-win-build-master\build-vs2019\libpcre-static\x64\debug\pcre_tables.obj
d:\tts\source\reference\pcre\pcre-win-build-master\pcre-win-build-master\build-vs2019\libpcre-static\x64\debug\pcre_study.obj
d:\tts\source\reference\pcre\pcre-win-build-master\pcre-win-build-master\build-vs2019\libpcre-static\x64\debug\pcre_string_utils.obj
d:\tts\source\reference\pcre\pcre-win-build-master\pcre-win-build-master\build-vs2019\libpcre-static\x64\debug\pcre_refcount.obj
d:\tts\source\reference\pcre\pcre-win-build-master\pcre-win-build-master\build-vs2019\libpcre-static\x64\debug\pcre_ord2utf8.obj
d:\tts\source\reference\pcre\pcre-win-build-master\pcre-win-build-master\build-vs2019\libpcre-static\x64\debug\pcre_newline.obj
d:\tts\source\reference\pcre\pcre-win-build-master\pcre-win-build-master\build-vs2019\libpcre-static\x64\debug\pcre_maketables.obj
d:\tts\source\reference\pcre\pcre-win-build-master\pcre-win-build-master\build-vs2019\libpcre-static\x64\debug\pcre_jit_compile.obj
d:\tts\source\reference\pcre\pcre-win-build-master\pcre-win-build-master\build-vs2019\libpcre-static\x64\debug\pcre_globals.obj
d:\tts\source\reference\pcre\pcre-win-build-master\pcre-win-build-master\build-vs2019\libpcre-static\x64\debug\pcre_get.obj
d:\tts\source\reference\pcre\pcre-win-build-master\pcre-win-build-master\build-vs2019\libpcre-static\x64\debug\pcre_fullinfo.obj
d:\tts\source\reference\pcre\pcre-win-build-master\pcre-win-build-master\build-vs2019\libpcre-static\x64\debug\pcre_exec.obj
d:\tts\source\reference\pcre\pcre-win-build-master\pcre-win-build-master\build-vs2019\libpcre-static\x64\debug\pcre_dfa_exec.obj
d:\tts\source\reference\pcre\pcre-win-build-master\pcre-win-build-master\build-vs2019\libpcre-static\x64\debug\pcre_config.obj
d:\tts\source\reference\pcre\pcre-win-build-master\pcre-win-build-master\build-vs2019\libpcre-static\x64\debug\pcre_compile.obj
d:\tts\source\reference\pcre\pcre-win-build-master\pcre-win-build-master\build-vs2019\libpcre-static\x64\debug\pcre_byte_order.obj
d:\tts\source\reference\pcre\pcre-win-build-master\pcre-win-build-master\build-vs2019\libpcre-static\x64\debug\pcre_chartables.obj
d:\tts\source\reference\pcre\pcre-win-build-master\pcre-win-build-master\build-vs2019\x64\debug\libpcre-static.lib
d:\tts\source\reference\pcre\pcre-win-build-master\pcre-win-build-master\build-vs2019\libpcre-static\x64\debug\libpcre-static.tlog\cl.command.1.tlog
d:\tts\source\reference\pcre\pcre-win-build-master\pcre-win-build-master\build-vs2019\libpcre-static\x64\debug\libpcre-static.tlog\cl.read.1.tlog
d:\tts\source\reference\pcre\pcre-win-build-master\pcre-win-build-master\build-vs2019\libpcre-static\x64\debug\libpcre-static.tlog\cl.write.1.tlog
d:\tts\source\reference\pcre\pcre-win-build-master\pcre-win-build-master\build-vs2019\libpcre-static\x64\debug\libpcre-static.tlog\lib-link.read.1.tlog
d:\tts\source\reference\pcre\pcre-win-build-master\pcre-win-build-master\build-vs2019\libpcre-static\x64\debug\libpcre-static.tlog\lib-link.write.1.tlog
d:\tts\source\reference\pcre\pcre-win-build-master\pcre-win-build-master\build-vs2019\libpcre-static\x64\debug\libpcre-static.tlog\lib.command.1.tlog
