  pcre_byte_order.c
  pcre_compile.c
  pcre_config.c
  pcre_dfa_exec.c
  pcre_exec.c
  pcre_fullinfo.c
  pcre_get.c
  pcre_globals.c
  pcre_jit_compile.c
  pcre_maketables.c
  pcre_newline.c
  pcre_ord2utf8.c
  pcre_refcount.c
  pcre_string_utils.c
  pcre_study.c
  pcre_tables.c
  pcre_ucd.c
  pcre_valid_utf8.c
  pcre_version.c
  pcre_xclass.c
  코드를 생성하고 있습니다...
  컴파일하고 있습니다...
  pcre_chartables.c
  코드를 생성하고 있습니다...
     D:\TTS\source\reference\PCRE\pcre-win-build-master\pcre-win-build-master\build-VS2019\Debug\libpcre.lib 라이브러리 및 D:\TTS\source\reference\PCRE\pcre-win-build-master\pcre-win-build-master\build-VS2019\Debug\libpcre.exp 개체를 생성하고 있습니다.
  libpcre.vcxproj -> D:\TTS\source\reference\PCRE\pcre-win-build-master\pcre-win-build-master\build-VS2019\Debug\libpcre.dll
