  pcre32_byte_order.c
  pcre32_chartables.c
  pcre32_compile.c
  pcre32_config.c
  pcre32_dfa_exec.c
  pcre32_exec.c
  pcre32_fullinfo.c
  pcre32_get.c
  pcre32_globals.c
  pcre32_jit_compile.c
D:\TTS\source\reference\PCRE\pcre-win-build-master\pcre-win-build-master\sljit\sljitNativeX86_common.c(439,1): warning C4244: '초기화 중': 'sljit_uw'에서 'sljit_s32'(으)로 변환하면서 데이터가 손실될 수 있습니다.
D:\TTS\source\reference\PCRE\pcre-win-build-master\pcre-win-build-master\sljit\sljitNativeX86_64.c(44,1): warning C4244: '초기화 중': 'sljit_uw'에서 'sljit_s32'(으)로 변환하면서 데이터가 손실될 수 있습니다.
D:\TTS\source\reference\PCRE\pcre-win-build-master\pcre-win-build-master\sljit\sljitNativeX86_64.c(386,37): warning C4244: '함수': 'sljit_sw'에서 'sljit_s32'(으)로 변환하면서 데이터가 손실될 수 있습니다.
D:\TTS\source\reference\PCRE\pcre-win-build-master\pcre-win-build-master\sljit\sljitNativeX86_64.c(568,23): warning C4244: '=': 'sljit_sw'에서 'sljit_u8'(으)로 변환하면서 데이터가 손실될 수 있습니다.
D:\TTS\source\reference\PCRE\pcre-win-build-master\pcre-win-build-master\sljit\sljitNativeX86_64.c(570,45): warning C4244: '함수': 'sljit_sw'에서 'sljit_s32'(으)로 변환하면서 데이터가 손실될 수 있습니다.
D:\TTS\source\reference\PCRE\pcre-win-build-master\pcre-win-build-master\sljit\sljitNativeX86_64.c(579,84): warning C4244: '=': 'sljit_sw'에서 'sljit_u8'(으)로 변환하면서 데이터가 손실될 수 있습니다.
D:\TTS\source\reference\PCRE\pcre-win-build-master\pcre-win-build-master\sljit\sljitNativeX86_64.c(587,42): warning C4244: '함수': 'sljit_sw'에서 'sljit_s32'(으)로 변환하면서 데이터가 손실될 수 있습니다.
D:\TTS\source\reference\PCRE\pcre-win-build-master\pcre-win-build-master\sljit\sljitNativeX86_64.c(593,19): warning C4244: '=': 'sljit_sw'에서 'sljit_u8'(으)로 변환하면서 데이터가 손실될 수 있습니다.
D:\TTS\source\reference\PCRE\pcre-win-build-master\pcre-win-build-master\sljit\sljitNativeX86_64.c(595,43): warning C4244: '함수': 'sljit_sw'에서 'sljit_s16'(으)로 변환하면서 데이터가 손실될 수 있습니다.
D:\TTS\source\reference\PCRE\pcre-win-build-master\pcre-win-build-master\sljit\sljitNativeX86_64.c(597,43): warning C4244: '함수': 'sljit_sw'에서 'sljit_s32'(으)로 변환하면서 데이터가 손실될 수 있습니다.
D:\TTS\source\reference\PCRE\pcre-win-build-master\pcre-win-build-master\pcre_jit_compile.c(1204,92): warning C4244: '=': '__int64'에서 'sljit_s32'(으)로 변환하면서 데이터가 손실될 수 있습니다.
D:\TTS\source\reference\PCRE\pcre-win-build-master\pcre-win-build-master\pcre_jit_compile.c(1219,77): warning C4244: '=': '__int64'에서 'sljit_s32'(으)로 변환하면서 데이터가 손실될 수 있습니다.
D:\TTS\source\reference\PCRE\pcre-win-build-master\pcre-win-build-master\pcre_jit_compile.c(5749,28): warning C4244: '함수': 'sljit_uw'에서 'sljit_u32'(으)로 변환하면서 데이터가 손실될 수 있습니다.
D:\TTS\source\reference\PCRE\pcre-win-build-master\pcre-win-build-master\pcre_jit_compile.c(5749,33): warning C4244: '함수': 'sljit_uw'에서 'sljit_u32'(으)로 변환하면서 데이터가 손실될 수 있습니다.
D:\TTS\source\reference\PCRE\pcre-win-build-master\pcre-win-build-master\pcre_jit_compile.c(7310,66): warning C4244: '=': '__int64'에서 'int'(으)로 변환하면서 데이터가 손실될 수 있습니다.
D:\TTS\source\reference\PCRE\pcre-win-build-master\pcre-win-build-master\pcre_jit_compile.c(7311,84): warning C4244: '=': '__int64'에서 'int'(으)로 변환하면서 데이터가 손실될 수 있습니다.
D:\TTS\source\reference\PCRE\pcre-win-build-master\pcre-win-build-master\pcre_jit_compile.c(7312,95): warning C4244: '=': '__int64'에서 'int'(으)로 변환하면서 데이터가 손실될 수 있습니다.
D:\TTS\source\reference\PCRE\pcre-win-build-master\pcre-win-build-master\pcre_jit_compile.c(7326,44): warning C4244: '=': '__int64'에서 'int'(으)로 변환하면서 데이터가 손실될 수 있습니다.
D:\TTS\source\reference\PCRE\pcre-win-build-master\pcre-win-build-master\pcre_jit_compile.c(7327,52): warning C4244: '=': '__int64'에서 'int'(으)로 변환하면서 데이터가 손실될 수 있습니다.
  pcre32_maketables.c
  pcre32_newline.c
  pcre32_ord2utf32.c
  pcre32_refcount.c
  pcre32_string_utils.c
  pcre32_study.c
  pcre32_tables.c
  pcre32_ucd.c
  pcre32_utf32_utils.c
  pcre32_valid_utf32.c
D:\TTS\source\reference\PCRE\pcre-win-build-master\pcre-win-build-master\pcre32_valid_utf32.c(91,22): warning C4244: '=': '__int64'에서 'int'(으)로 변환하면서 데이터가 손실될 수 있습니다.
D:\TTS\source\reference\PCRE\pcre-win-build-master\pcre-win-build-master\pcre32_valid_utf32.c(103,32): warning C4244: '=': '__int64'에서 'int'(으)로 변환하면서 데이터가 손실될 수 있습니다.
D:\TTS\source\reference\PCRE\pcre-win-build-master\pcre-win-build-master\pcre32_valid_utf32.c(110,30): warning C4244: '=': '__int64'에서 'int'(으)로 변환하면서 데이터가 손실될 수 있습니다.
  컴파일하고 있습니다...
  pcre32_version.c
  pcre32_xclass.c
     D:\TTS\source\reference\PCRE\pcre-win-build-master\pcre-win-build-master\build-VS2019\x64\Release\libpcre32.lib 라이브러리 및 D:\TTS\source\reference\PCRE\pcre-win-build-master\pcre-win-build-master\build-VS2019\x64\Release\libpcre32.exp 개체를 생성하고 있습니다.
  코드를 생성하고 있습니다.
  Previous IPDB not found, fall back to full compilation.
  All 273 functions were compiled because no usable IPDB/IOBJ from previous compilation was found.
  코드를 생성했습니다.
  libpcre32.vcxproj -> D:\TTS\source\reference\PCRE\pcre-win-build-master\pcre-win-build-master\build-VS2019\x64\Release\libpcre32.dll
