d:\tts\source\reference\pcre\pcre-win-build-master\pcre-win-build-master\build-vs2019\libpcre32-static\x64\debug\libpcre32-static.pdb
d:\tts\source\reference\pcre\pcre-win-build-master\pcre-win-build-master\build-vs2019\libpcre32-static\x64\debug\pcre32_valid_utf32.obj
d:\tts\source\reference\pcre\pcre-win-build-master\pcre-win-build-master\build-vs2019\libpcre32-static\x64\debug\pcre32_utf32_utils.obj
d:\tts\source\reference\pcre\pcre-win-build-master\pcre-win-build-master\build-vs2019\libpcre32-static\x64\debug\pcre32_ucd.obj
d:\tts\source\reference\pcre\pcre-win-build-master\pcre-win-build-master\build-vs2019\libpcre32-static\x64\debug\pcre32_tables.obj
d:\tts\source\reference\pcre\pcre-win-build-master\pcre-win-build-master\build-vs2019\libpcre32-static\x64\debug\pcre32_study.obj
d:\tts\source\reference\pcre\pcre-win-build-master\pcre-win-build-master\build-vs2019\libpcre32-static\x64\debug\pcre32_string_utils.obj
d:\tts\source\reference\pcre\pcre-win-build-master\pcre-win-build-master\build-vs2019\libpcre32-static\x64\debug\pcre32_refcount.obj
d:\tts\source\reference\pcre\pcre-win-build-master\pcre-win-build-master\build-vs2019\libpcre32-static\x64\debug\pcre32_ord2utf32.obj
d:\tts\source\reference\pcre\pcre-win-build-master\pcre-win-build-master\build-vs2019\libpcre32-static\x64\debug\pcre32_newline.obj
d:\tts\source\reference\pcre\pcre-win-build-master\pcre-win-build-master\build-vs2019\libpcre32-static\x64\debug\pcre32_maketables.obj
d:\tts\source\reference\pcre\pcre-win-build-master\pcre-win-build-master\build-vs2019\libpcre32-static\x64\debug\pcre32_jit_compile.obj
d:\tts\source\reference\pcre\pcre-win-build-master\pcre-win-build-master\build-vs2019\libpcre32-static\x64\debug\pcre32_globals.obj
d:\tts\source\reference\pcre\pcre-win-build-master\pcre-win-build-master\build-vs2019\libpcre32-static\x64\debug\pcre32_get.obj
d:\tts\source\reference\pcre\pcre-win-build-master\pcre-win-build-master\build-vs2019\libpcre32-static\x64\debug\pcre32_fullinfo.obj
d:\tts\source\reference\pcre\pcre-win-build-master\pcre-win-build-master\build-vs2019\libpcre32-static\x64\debug\pcre32_exec.obj
d:\tts\source\reference\pcre\pcre-win-build-master\pcre-win-build-master\build-vs2019\libpcre32-static\x64\debug\pcre32_dfa_exec.obj
d:\tts\source\reference\pcre\pcre-win-build-master\pcre-win-build-master\build-vs2019\libpcre32-static\x64\debug\pcre32_config.obj
d:\tts\source\reference\pcre\pcre-win-build-master\pcre-win-build-master\build-vs2019\libpcre32-static\x64\debug\pcre32_compile.obj
d:\tts\source\reference\pcre\pcre-win-build-master\pcre-win-build-master\build-vs2019\libpcre32-static\x64\debug\pcre32_chartables.obj
d:\tts\source\reference\pcre\pcre-win-build-master\pcre-win-build-master\build-vs2019\libpcre32-static\x64\debug\pcre32_byte_order.obj
d:\tts\source\reference\pcre\pcre-win-build-master\pcre-win-build-master\build-vs2019\libpcre32-static\x64\debug\pcre32_xclass.obj
d:\tts\source\reference\pcre\pcre-win-build-master\pcre-win-build-master\build-vs2019\libpcre32-static\x64\debug\pcre32_version.obj
d:\tts\source\reference\pcre\pcre-win-build-master\pcre-win-build-master\build-vs2019\x64\debug\libpcre32-static.lib
d:\tts\source\reference\pcre\pcre-win-build-master\pcre-win-build-master\build-vs2019\libpcre32-static\x64\debug\libpcre32-static.tlog\cl.command.1.tlog
d:\tts\source\reference\pcre\pcre-win-build-master\pcre-win-build-master\build-vs2019\libpcre32-static\x64\debug\libpcre32-static.tlog\cl.read.1.tlog
d:\tts\source\reference\pcre\pcre-win-build-master\pcre-win-build-master\build-vs2019\libpcre32-static\x64\debug\libpcre32-static.tlog\cl.write.1.tlog
d:\tts\source\reference\pcre\pcre-win-build-master\pcre-win-build-master\build-vs2019\libpcre32-static\x64\debug\libpcre32-static.tlog\lib-link.read.1.tlog
d:\tts\source\reference\pcre\pcre-win-build-master\pcre-win-build-master\build-vs2019\libpcre32-static\x64\debug\libpcre32-static.tlog\lib-link.write.1.tlog
d:\tts\source\reference\pcre\pcre-win-build-master\pcre-win-build-master\build-vs2019\libpcre32-static\x64\debug\libpcre32-static.tlog\lib.command.1.tlog
